SF:/datas/PROGRAMMATION/RUST/rustty/src/main.rs
FN:84,_RNCNCNCNvCs4WYVLabqnYz_6rustty4mains1_0s0_00B7_
FN:62,_RNCNCNvCs4WYVLabqnYz_6rustty4mains1_00B5_
FN:81,_RNCNCNvCs4WYVLabqnYz_6rustty4mains1_0s0_0B5_
FN:68,_RNCNCNvCs4WYVLabqnYz_6rustty4mains1_0s_0B5_
FN:21,_RNCNvCs4WYVLabqnYz_6rustty4main0B3_
FN:44,_RNCNvCs4WYVLabqnYz_6rustty4mains0_0B3_
FN:61,_RNCNvCs4WYVLabqnYz_6rustty4mains1_0B3_
FN:103,_RNCNvCs4WYVLabqnYz_6rustty4mains2_0B3_
FN:42,_RNCNvCs4WYVLabqnYz_6rustty4mains_0B3_
FN:12,_RNvCs4WYVLabqnYz_6rustty4main
FNDA:0,_RNCNCNCNvCs4WYVLabqnYz_6rustty4mains1_0s0_00B7_
FNDA:0,_RNCNCNvCs4WYVLabqnYz_6rustty4mains1_00B5_
FNDA:0,_RNCNCNvCs4WYVLabqnYz_6rustty4mains1_0s0_0B5_
FNDA:0,_RNCNCNvCs4WYVLabqnYz_6rustty4mains1_0s_0B5_
FNDA:0,_RNCNvCs4WYVLabqnYz_6rustty4main0B3_
FNDA:0,_RNCNvCs4WYVLabqnYz_6rustty4mains0_0B3_
FNDA:0,_RNCNvCs4WYVLabqnYz_6rustty4mains1_0B3_
FNDA:0,_RNCNvCs4WYVLabqnYz_6rustty4mains2_0B3_
FNDA:0,_RNCNvCs4WYVLabqnYz_6rustty4mains_0B3_
FNDA:0,_RNvCs4WYVLabqnYz_6rustty4main
FNF:10
FNH:0
DA:12,0
DA:14,0
DA:17,0
DA:18,0
DA:21,0
DA:22,0
DA:23,0
DA:24,0
DA:25,0
DA:26,0
DA:29,0
DA:32,0
DA:33,0
DA:36,0
DA:37,0
DA:38,0
DA:41,0
DA:42,0
DA:43,0
DA:44,0
DA:45,0
DA:46,0
DA:47,0
DA:50,0
DA:51,0
DA:52,0
DA:53,0
DA:54,0
DA:57,0
DA:61,0
DA:62,0
DA:63,0
DA:64,0
DA:65,0
DA:66,0
DA:68,0
DA:69,0
DA:71,0
DA:74,0
DA:76,0
DA:78,0
DA:79,0
DA:81,0
DA:82,0
DA:84,0
DA:85,0
DA:87,0
DA:88,0
DA:94,0
DA:97,0
DA:98,0
DA:101,0
DA:102,0
DA:103,0
DA:105,0
DA:106,0
DA:107,0
DA:108,0
DA:110,0
DA:111,0
DA:112,0
DA:113,0
DA:114,0
DA:115,0
DA:116,0
DA:117,0
DA:118,0
DA:119,0
BRF:0
BRH:0
LF:76
LH:0
end_of_record
SF:/datas/PROGRAMMATION/RUST/rustty/src/messages.rs
FN:64,_RNvXNtCs4WYVLabqnYz_6rustty8messagesNtB2_10SshMessageNtNtCs3XFJfFEDSOQ_4core3fmt5Debug3fmt
FNDA:0,_RNvXNtCs4WYVLabqnYz_6rustty8messagesNtB2_10SshMessageNtNtCs3XFJfFEDSOQ_4core3fmt5Debug3fmt
FNF:1
FNH:0
DA:64,0
DA:65,0
DA:66,0
DA:67,0
DA:69,0
DA:71,0
BRF:0
BRH:0
LF:6
LH:0
end_of_record
SF:/datas/PROGRAMMATION/RUST/rustty/src/models.rs
FN:28,_RNvMs_NtCs4WYVLabqnYz_6rustty6modelsNtB4_7Profile7default
FN:42,_RNvMs_NtCs4WYVLabqnYz_6rustty6modelsNtB4_7Profile8load_all
FN:57,_RNvMs_NtCs4WYVLabqnYz_6rustty6modelsNtB4_7Profile8save_all
FN:20,_RNvXNtCs4WYVLabqnYz_6rustty6modelsNtB2_7ProfileNtNtCs3XFJfFEDSOQ_4core3fmt7Display3fmt
FN:48,_RNCNvMs_NtCs4WYVLabqnYz_6rustty6modelsNtB6_7Profile8load_all0B8_
FNDA:4,_RNvMs_NtCs4WYVLabqnYz_6rustty6modelsNtB4_7Profile7default
FNDA:6,_RNvMs_NtCs4WYVLabqnYz_6rustty6modelsNtB4_7Profile8load_all
FNDA:0,_RNvMs_NtCs4WYVLabqnYz_6rustty6modelsNtB4_7Profile8save_all
FNDA:0,_RNvXNtCs4WYVLabqnYz_6rustty6modelsNtB2_7ProfileNtNtCs3XFJfFEDSOQ_4core3fmt7Display3fmt
FNDA:0,_RNCNvMs_NtCs4WYVLabqnYz_6rustty6modelsNtB6_7Profile8load_all0B8_
FNF:5
FNH:2
DA:20,0
DA:21,0
DA:22,0
DA:28,4
DA:29,4
DA:30,4
DA:31,4
DA:32,4
DA:33,4
DA:34,4
DA:35,4
DA:36,4
DA:37,4
DA:38,4
DA:39,4
DA:42,6
DA:43,6
DA:44,0
DA:45,6
DA:47,6
DA:48,6
DA:49,0
DA:50,0
DA:51,0
DA:52,0
DA:54,6
DA:57,0
DA:58,0
DA:59,0
DA:60,0
DA:61,0
DA:62,0
DA:63,0
BRF:0
BRH:0
LF:34
LH:18
end_of_record
SF:/datas/PROGRAMMATION/RUST/rustty/src/ssh.rs
FN:130,_RNCNCNvMNtCs4WYVLabqnYz_6rustty3sshNtB6_10SshService10open_shells_00B8_
FN:58,_RNCNCNvMNtCs4WYVLabqnYz_6rustty3sshNtB6_10SshService7connect00B8_
FN:107,_RNCNvMNtCs4WYVLabqnYz_6rustty3sshNtB4_10SshService10open_shell0B6_
FN:129,_RNCNvMNtCs4WYVLabqnYz_6rustty3sshNtB4_10SshService10open_shells_0B6_
FN:95,_RNCNvMNtCs4WYVLabqnYz_6rustty3sshNtB4_10SshService7connect0B6_
FN:99,_RNvMNtCs4WYVLabqnYz_6rustty3sshNtB2_10SshService10open_shell
FN:57,_RNvMNtCs4WYVLabqnYz_6rustty3sshNtB2_10SshService7connect
FN:33,_RNvXs_NtCs4WYVLabqnYz_6rustty3sshNtB4_9MyHandlerNtNtCsk1ygVOLobGt_5russh6client7Handler16check_server_key
FN:42,_RNvXs_NtCs4WYVLabqnYz_6rustty3sshNtB4_9MyHandlerNtNtCsk1ygVOLobGt_5russh6client7Handler4data
FNDA:0,_RNCNCNvMNtCs4WYVLabqnYz_6rustty3sshNtB6_10SshService10open_shells_00B8_
FNDA:0,_RNCNCNvMNtCs4WYVLabqnYz_6rustty3sshNtB6_10SshService7connect00B8_
FNDA:0,_RNCNvMNtCs4WYVLabqnYz_6rustty3sshNtB4_10SshService10open_shell0B6_
FNDA:0,_RNCNvMNtCs4WYVLabqnYz_6rustty3sshNtB4_10SshService10open_shells_0B6_
FNDA:0,_RNCNvMNtCs4WYVLabqnYz_6rustty3sshNtB4_10SshService7connect0B6_
FNDA:0,_RNvMNtCs4WYVLabqnYz_6rustty3sshNtB2_10SshService10open_shell
FNDA:0,_RNvMNtCs4WYVLabqnYz_6rustty3sshNtB2_10SshService7connect
FNDA:0,_RNvXs_NtCs4WYVLabqnYz_6rustty3sshNtB4_9MyHandlerNtNtCsk1ygVOLobGt_5russh6client7Handler16check_server_key
FNDA:0,_RNvXs_NtCs4WYVLabqnYz_6rustty3sshNtB4_9MyHandlerNtNtCsk1ygVOLobGt_5russh6client7Handler4data
FNF:9
FNH:0
DA:33,0
DA:35,0
DA:42,0
DA:50,0
DA:57,0
DA:58,0
DA:59,0
DA:60,0
DA:61,0
DA:62,0
DA:63,0
DA:64,0
DA:66,0
DA:67,0
DA:68,0
DA:69,0
DA:70,0
DA:71,0
DA:73,0
DA:74,0
DA:75,0
DA:76,0
DA:77,0
DA:78,0
DA:80,0
DA:81,0
DA:82,0
DA:83,0
DA:84,0
DA:88,0
DA:89,0
DA:90,0
DA:91,0
DA:92,0
DA:95,0
DA:96,0
DA:99,0
DA:100,0
DA:101,0
DA:102,0
DA:103,0
DA:104,0
DA:106,0
DA:107,0
DA:111,0
DA:112,0
DA:113,0
DA:117,0
DA:118,0
DA:119,0
DA:122,0
DA:123,0
DA:124,0
DA:125,0
DA:127,0
DA:128,0
DA:129,0
DA:130,0
DA:131,0
DA:132,0
DA:134,0
BRF:0
BRH:0
LF:64
LH:0
end_of_record
SF:/datas/PROGRAMMATION/RUST/rustty/src/ui.rs
FN:493,_RNvNtNtCs4WYVLabqnYz_6rustty2ui5tests9setup_app
FN:530,_RNvNtNtCs4WYVLabqnYz_6rustty2ui5testss_17test_log_rotation
FN:499,_RNvNtNtCs4WYVLabqnYz_6rustty2ui5testss_20test_update_ip_input
FN:510,_RNvNtNtCs4WYVLabqnYz_6rustty2ui5testss_22test_profile_selection
FN:128,_RNvMNtCs4WYVLabqnYz_6rustty2uiNtB2_5MyApp4view
FN:138,_RNvMNtCs4WYVLabqnYz_6rustty2uiNtB2_5MyApp13save_profiles
FN:248,_RNvMNtCs4WYVLabqnYz_6rustty2uiNtB2_5MyApp14handle_ssh_msg
FN:177,_RNvMNtCs4WYVLabqnYz_6rustty2uiNtB2_5MyApp16handle_login_msg
FN:390,_RNvMNtCs4WYVLabqnYz_6rustty2uiNtB2_5MyApp16send_to_terminal
FN:233,_RNvMNtCs4WYVLabqnYz_6rustty2uiNtB2_5MyApp17handle_config_msg
FN:411,_RNvMNtCs4WYVLabqnYz_6rustty2uiNtB2_5MyApp18handle_profile_msg
FN:143,_RNvMNtCs4WYVLabqnYz_6rustty2uiNtB2_5MyApp20handle_window_closed
FN:453,_RNvMNtCs4WYVLabqnYz_6rustty2uiNtB2_5MyApp20perform_save_profile
FN:339,_RNvMNtCs4WYVLabqnYz_6rustty2uiNtB2_5MyApp21handle_keyboard_event
FN:65,_RNvMNtCs4WYVLabqnYz_6rustty2uiNtB2_5MyApp3new
FN:91,_RNvMNtCs4WYVLabqnYz_6rustty2uiNtB2_5MyApp6update
FN:282,_RNCNvMNtCs4WYVLabqnYz_6rustty2uiNtB4_5MyApp14handle_ssh_msg0B6_
FN:394,_RNCNvMNtCs4WYVLabqnYz_6rustty2uiNtB4_5MyApp16send_to_terminal0B6_
FN:400,_RNCNvMNtCs4WYVLabqnYz_6rustty2uiNtB4_5MyApp16send_to_terminals_0B6_
FN:414,_RNCNvMNtCs4WYVLabqnYz_6rustty2uiNtB4_5MyApp18handle_profile_msg0B6_
FN:443,_RNCNvMNtCs4WYVLabqnYz_6rustty2uiNtB4_5MyApp18handle_profile_msgs_0B6_
FN:150,_RNCNvMNtCs4WYVLabqnYz_6rustty2uiNtB4_5MyApp20handle_window_closed0B6_
FN:156,_RNCNvMNtCs4WYVLabqnYz_6rustty2uiNtB4_5MyApp20handle_window_closeds_0B6_
FN:466,_RNCNvMNtCs4WYVLabqnYz_6rustty2uiNtB4_5MyApp20perform_save_profile0B6_
FN:481,_RNCNvMNtCs4WYVLabqnYz_6rustty2uiNtB4_5MyApp20perform_save_profiles_0B6_
FNDA:3,_RNvNtNtCs4WYVLabqnYz_6rustty2ui5tests9setup_app
FNDA:1,_RNvNtNtCs4WYVLabqnYz_6rustty2ui5testss_17test_log_rotation
FNDA:1,_RNvNtNtCs4WYVLabqnYz_6rustty2ui5testss_20test_update_ip_input
FNDA:1,_RNvNtNtCs4WYVLabqnYz_6rustty2ui5testss_22test_profile_selection
FNDA:0,_RNvMNtCs4WYVLabqnYz_6rustty2uiNtB2_5MyApp4view
FNDA:0,_RNvMNtCs4WYVLabqnYz_6rustty2uiNtB2_5MyApp13save_profiles
FNDA:0,_RNvMNtCs4WYVLabqnYz_6rustty2uiNtB2_5MyApp14handle_ssh_msg
FNDA:1,_RNvMNtCs4WYVLabqnYz_6rustty2uiNtB2_5MyApp16handle_login_msg
FNDA:0,_RNvMNtCs4WYVLabqnYz_6rustty2uiNtB2_5MyApp16send_to_terminal
FNDA:0,_RNvMNtCs4WYVLabqnYz_6rustty2uiNtB2_5MyApp17handle_config_msg
FNDA:1,_RNvMNtCs4WYVLabqnYz_6rustty2uiNtB2_5MyApp18handle_profile_msg
FNDA:0,_RNvMNtCs4WYVLabqnYz_6rustty2uiNtB2_5MyApp20handle_window_closed
FNDA:0,_RNvMNtCs4WYVLabqnYz_6rustty2uiNtB2_5MyApp20perform_save_profile
FNDA:0,_RNvMNtCs4WYVLabqnYz_6rustty2uiNtB2_5MyApp21handle_keyboard_event
FNDA:3,_RNvMNtCs4WYVLabqnYz_6rustty2uiNtB2_5MyApp3new
FNDA:152,_RNvMNtCs4WYVLabqnYz_6rustty2uiNtB2_5MyApp6update
FNDA:0,_RNCNvMNtCs4WYVLabqnYz_6rustty2uiNtB4_5MyApp14handle_ssh_msg0B6_
FNDA:0,_RNCNvMNtCs4WYVLabqnYz_6rustty2uiNtB4_5MyApp16send_to_terminal0B6_
FNDA:0,_RNCNvMNtCs4WYVLabqnYz_6rustty2uiNtB4_5MyApp16send_to_terminals_0B6_
FNDA:2,_RNCNvMNtCs4WYVLabqnYz_6rustty2uiNtB4_5MyApp18handle_profile_msg0B6_
FNDA:0,_RNCNvMNtCs4WYVLabqnYz_6rustty2uiNtB4_5MyApp18handle_profile_msgs_0B6_
FNDA:0,_RNCNvMNtCs4WYVLabqnYz_6rustty2uiNtB4_5MyApp20handle_window_closed0B6_
FNDA:0,_RNCNvMNtCs4WYVLabqnYz_6rustty2uiNtB4_5MyApp20handle_window_closeds_0B6_
FNDA:0,_RNCNvMNtCs4WYVLabqnYz_6rustty2uiNtB4_5MyApp20perform_save_profile0B6_
FNDA:0,_RNCNvMNtCs4WYVLabqnYz_6rustty2uiNtB4_5MyApp20perform_save_profiles_0B6_
FNF:25
FNH:9
DA:65,3
DA:66,3
DA:67,3
DA:68,0
DA:69,0
DA:71,3
DA:72,3
DA:73,3
DA:74,3
DA:75,3
DA:76,3
DA:77,3
DA:78,3
DA:79,3
DA:80,3
DA:81,3
DA:82,3
DA:83,3
DA:84,3
DA:85,3
DA:86,3
DA:87,3
DA:88,3
DA:91,152
DA:94,152
DA:95,1
DA:96,1
DA:97,0
DA:98,0
DA:99,0
DA:101,0
DA:103,0
DA:104,0
DA:105,0
DA:106,0
DA:107,0
DA:109,0
DA:111,150
DA:113,150
DA:114,150
DA:116,150
DA:118,0
DA:119,0
DA:120,0
DA:123,0
DA:125,152
DA:128,0
DA:129,0
DA:130,0
DA:132,0
DA:134,0
DA:138,0
DA:139,0
DA:140,0
DA:143,0
DA:148,0
DA:149,0
DA:150,0
DA:151,0
DA:152,0
DA:154,0
DA:155,0
DA:156,0
DA:157,0
DA:158,0
DA:159,0
DA:163,0
DA:165,0
DA:166,0
DA:169,0
DA:170,0
DA:171,0
DA:172,0
DA:174,0
DA:175,0
DA:177,1
DA:178,1
DA:180,1
DA:181,1
DA:182,1
DA:184,0
DA:185,0
DA:186,0
DA:188,0
DA:189,0
DA:190,0
DA:192,0
DA:193,0
DA:194,0
DA:199,0
DA:200,0
DA:201,0
DA:203,0
DA:204,0
DA:205,0
DA:207,0
DA:209,0
DA:210,0
DA:216,0
DA:217,0
DA:218,0
DA:220,0
DA:221,0
DA:222,0
DA:223,0
DA:224,0
DA:225,0
DA:226,0
DA:227,0
DA:228,0
DA:231,1
DA:233,0
DA:234,0
DA:235,0
DA:236,0
DA:237,0
DA:239,0
DA:240,0
DA:241,0
DA:242,0
DA:245,0
DA:246,0
DA:248,0
DA:249,0
DA:251,0
DA:252,0
DA:254,0
DA:255,0
DA:258,0
DA:259,0
DA:260,0
DA:261,0
DA:265,0
DA:266,0
DA:268,0
DA:269,0
DA:271,0
DA:273,0
DA:274,0
DA:275,0
DA:276,0
DA:277,0
DA:278,0
DA:280,0
DA:282,0
DA:283,0
DA:284,0
DA:285,0
DA:286,0
DA:287,0
DA:288,0
DA:292,0
DA:293,0
DA:295,0
DA:298,0
DA:299,0
DA:301,0
DA:302,0
DA:304,0
DA:308,0
DA:310,0
DA:311,0
DA:312,0
DA:313,0
DA:315,0
DA:316,0
DA:320,0
DA:321,0
DA:322,0
DA:325,0
DA:327,0
DA:328,0
DA:330,0
DA:331,0
DA:332,0
DA:335,0
DA:337,0
DA:339,0
DA:340,0
DA:342,0
DA:343,0
DA:344,0
DA:348,0
DA:349,0
DA:350,0
DA:351,0
DA:352,0
DA:353,0
DA:354,0
DA:355,0
DA:358,0
DA:359,0
DA:360,0
DA:361,0
DA:362,0
DA:363,0
DA:364,0
DA:367,0
DA:368,0
DA:369,0
DA:370,0
DA:371,0
DA:372,0
DA:373,0
DA:374,0
DA:375,0
DA:376,0
DA:377,0
DA:380,0
DA:381,0
DA:382,0
DA:383,0
DA:385,0
DA:387,0
DA:388,0
DA:390,0
DA:392,0
DA:393,0
DA:394,0
DA:396,0
DA:397,0
DA:398,0
DA:399,0
DA:400,0
DA:401,0
DA:402,0
DA:403,0
DA:406,0
DA:407,0
DA:408,0
DA:409,0
DA:411,1
DA:412,1
DA:413,1
DA:414,2
DA:415,1
DA:416,1
DA:417,1
DA:419,0
DA:420,0
DA:421,0
DA:422,0
DA:423,0
DA:424,0
DA:425,0
DA:428,0
DA:429,0
DA:432,0
DA:435,0
DA:436,0
DA:437,0
DA:438,0
DA:441,0
DA:442,0
DA:443,0
DA:444,0
DA:445,0
DA:446,0
DA:447,0
DA:450,1
DA:451,1
DA:453,0
DA:454,0
DA:455,0
DA:456,0
DA:459,0
DA:460,0
DA:461,0
DA:462,0
DA:464,0
DA:465,0
DA:466,0
DA:467,0
DA:468,0
DA:469,0
DA:470,0
DA:472,0
DA:473,0
DA:474,0
DA:475,0
DA:476,0
DA:477,0
DA:480,0
DA:481,0
DA:482,0
DA:483,0
DA:493,3
DA:495,3
DA:496,3
DA:499,1
DA:500,1
DA:501,1
DA:503,1
DA:504,1
DA:506,1
DA:507,1
DA:510,1
DA:511,1
DA:513,1
DA:514,1
DA:515,1
DA:516,1
DA:518,1
DA:521,1
DA:522,1
DA:525,1
DA:526,1
DA:527,1
DA:530,1
DA:531,1
DA:534,151
DA:535,150
DA:536,150
DA:539,1
DA:541,1
DA:542,1
BRF:0
BRH:0
LF:323
LH:76
end_of_record
SF:/datas/PROGRAMMATION/RUST/rustty/src/ui/components/actions_bar.rs
FN:50,_RNCNvNtNtNtCs4WYVLabqnYz_6rustty2ui10components11actions_bar12buttons_form0B9_
FN:26,_RNCNvNtNtNtCs4WYVLabqnYz_6rustty2ui10components11actions_bar12buttons_forms0_0B9_
FN:31,_RNCNvNtNtNtCs4WYVLabqnYz_6rustty2ui10components11actions_bar12buttons_forms1_0B9_
FN:36,_RNCNvNtNtNtCs4WYVLabqnYz_6rustty2ui10components11actions_bar12buttons_forms2_0B9_
FN:41,_RNCNvNtNtNtCs4WYVLabqnYz_6rustty2ui10components11actions_bar12buttons_forms3_0B9_
FN:21,_RNCNvNtNtNtCs4WYVLabqnYz_6rustty2ui10components11actions_bar12buttons_forms_0B9_
FN:7,_RNvNtNtNtCs4WYVLabqnYz_6rustty2ui10components11actions_bar12buttons_form
FNDA:0,_RNCNvNtNtNtCs4WYVLabqnYz_6rustty2ui10components11actions_bar12buttons_form0B9_
FNDA:0,_RNCNvNtNtNtCs4WYVLabqnYz_6rustty2ui10components11actions_bar12buttons_forms0_0B9_
FNDA:0,_RNCNvNtNtNtCs4WYVLabqnYz_6rustty2ui10components11actions_bar12buttons_forms1_0B9_
FNDA:0,_RNCNvNtNtNtCs4WYVLabqnYz_6rustty2ui10components11actions_bar12buttons_forms2_0B9_
FNDA:0,_RNCNvNtNtNtCs4WYVLabqnYz_6rustty2ui10components11actions_bar12buttons_forms3_0B9_
FNDA:0,_RNCNvNtNtNtCs4WYVLabqnYz_6rustty2ui10components11actions_bar12buttons_forms_0B9_
FNDA:0,_RNvNtNtNtCs4WYVLabqnYz_6rustty2ui10components11actions_bar12buttons_form
FNF:7
FNH:0
DA:7,0
DA:8,0
DA:13,0
DA:14,0
DA:15,0
DA:16,0
DA:18,0
DA:19,0
DA:20,0
DA:21,0
DA:23,0
DA:24,0
DA:25,0
DA:26,0
DA:28,0
DA:29,0
DA:30,0
DA:31,0
DA:33,0
DA:34,0
DA:35,0
DA:36,0
DA:38,0
DA:39,0
DA:40,0
DA:41,0
DA:43,0
DA:44,0
DA:45,0
DA:46,0
DA:47,0
DA:48,0
DA:49,0
DA:50,0
DA:51,0
DA:52,0
DA:53,0
DA:54,0
BRF:0
BRH:0
LF:43
LH:0
end_of_record
SF:/datas/PROGRAMMATION/RUST/rustty/src/ui/components/brand.rs
FN:4,_RNvNtNtNtCs4WYVLabqnYz_6rustty2ui10components5brand4logo
FNDA:0,_RNvNtNtNtCs4WYVLabqnYz_6rustty2ui10components5brand4logo
FNF:1
FNH:0
DA:4,0
DA:5,0
DA:6,0
DA:7,0
BRF:0
BRH:0
LF:4
LH:0
end_of_record
SF:/datas/PROGRAMMATION/RUST/rustty/src/ui/components/forms.rs
FN:98,_RINvNtNtNtCs4WYVLabqnYz_6rustty2ui10components5forms23render_input_with_labelpEB8_
FN:128,_RNCINvNtNtNtCs4WYVLabqnYz_6rustty2ui10components5forms23render_input_with_labelpE0Ba_
FN:111,_RNCINvNtNtNtCs4WYVLabqnYz_6rustty2ui10components5forms23render_input_with_labelpEs_0Ba_
FN:243,_RNCNvNtNtNtCs4WYVLabqnYz_6rustty2ui10components5forms10theme_form0B9_
FN:221,_RNCNvNtNtNtCs4WYVLabqnYz_6rustty2ui10components5forms10theme_forms0_0B9_
FN:227,_RNCNvNtNtNtCs4WYVLabqnYz_6rustty2ui10components5forms10theme_forms1_0B9_
FN:215,_RNCNvNtNtNtCs4WYVLabqnYz_6rustty2ui10components5forms10theme_forms_0B9_
FN:27,_RNCNvNtNtNtCs4WYVLabqnYz_6rustty2ui10components5forms12general_form0B9_
FN:50,_RNCNvNtNtNtCs4WYVLabqnYz_6rustty2ui10components5forms12general_forms0_0B9_
FN:60,_RNCNvNtNtNtCs4WYVLabqnYz_6rustty2ui10components5forms12general_forms1_0B9_
FN:73,_RNCNvNtNtNtCs4WYVLabqnYz_6rustty2ui10components5forms12general_forms2_0B9_
FN:83,_RNCNvNtNtNtCs4WYVLabqnYz_6rustty2ui10components5forms12general_forms3_0B9_
FN:37,_RNCNvNtNtNtCs4WYVLabqnYz_6rustty2ui10components5forms12general_forms_0B9_
FN:197,_RNvNtNtNtCs4WYVLabqnYz_6rustty2ui10components5forms10theme_form
FN:10,_RNvNtNtNtCs4WYVLabqnYz_6rustty2ui10components5forms12general_form
FN:135,_RNvNtNtNtCs4WYVLabqnYz_6rustty2ui10components5forms23terminal_count_selector
FN:287,_RNvNtNtNtCs4WYVLabqnYz_6rustty2ui10components5forms9help_form
FNDA:0,_RINvNtNtNtCs4WYVLabqnYz_6rustty2ui10components5forms23render_input_with_labelpEB8_
FNDA:0,_RNCINvNtNtNtCs4WYVLabqnYz_6rustty2ui10components5forms23render_input_with_labelpE0Ba_
FNDA:0,_RNCINvNtNtNtCs4WYVLabqnYz_6rustty2ui10components5forms23render_input_with_labelpEs_0Ba_
FNDA:0,_RNCNvNtNtNtCs4WYVLabqnYz_6rustty2ui10components5forms10theme_form0B9_
FNDA:0,_RNCNvNtNtNtCs4WYVLabqnYz_6rustty2ui10components5forms10theme_forms0_0B9_
FNDA:0,_RNCNvNtNtNtCs4WYVLabqnYz_6rustty2ui10components5forms10theme_forms1_0B9_
FNDA:0,_RNCNvNtNtNtCs4WYVLabqnYz_6rustty2ui10components5forms10theme_forms_0B9_
FNDA:0,_RNCNvNtNtNtCs4WYVLabqnYz_6rustty2ui10components5forms12general_form0B9_
FNDA:0,_RNCNvNtNtNtCs4WYVLabqnYz_6rustty2ui10components5forms12general_forms0_0B9_
FNDA:0,_RNCNvNtNtNtCs4WYVLabqnYz_6rustty2ui10components5forms12general_forms1_0B9_
FNDA:0,_RNCNvNtNtNtCs4WYVLabqnYz_6rustty2ui10components5forms12general_forms2_0B9_
FNDA:0,_RNCNvNtNtNtCs4WYVLabqnYz_6rustty2ui10components5forms12general_forms3_0B9_
FNDA:0,_RNCNvNtNtNtCs4WYVLabqnYz_6rustty2ui10components5forms12general_forms_0B9_
FNDA:0,_RNvNtNtNtCs4WYVLabqnYz_6rustty2ui10components5forms10theme_form
FNDA:0,_RNvNtNtNtCs4WYVLabqnYz_6rustty2ui10components5forms12general_form
FNDA:0,_RNvNtNtNtCs4WYVLabqnYz_6rustty2ui10components5forms23terminal_count_selector
FNDA:0,_RNvNtNtNtCs4WYVLabqnYz_6rustty2ui10components5forms9help_form
FNF:17
FNH:0
DA:10,0
DA:11,0
DA:12,0
DA:13,0
DA:14,0
DA:15,0
DA:16,0
DA:17,0
DA:18,0
DA:19,0
DA:20,0
DA:21,0
DA:22,0
DA:23,0
DA:24,0
DA:25,0
DA:27,0
DA:28,0
DA:30,0
DA:31,0
DA:32,0
DA:33,0
DA:34,0
DA:35,0
DA:37,0
DA:38,0
DA:41,0
DA:42,0
DA:43,0
DA:44,0
DA:45,0
DA:46,0
DA:47,0
DA:48,0
DA:50,0
DA:51,0
DA:53,0
DA:54,0
DA:55,0
DA:56,0
DA:57,0
DA:58,0
DA:60,0
DA:61,0
DA:64,0
DA:65,0
DA:66,0
DA:67,0
DA:68,0
DA:69,0
DA:70,0
DA:71,0
DA:73,0
DA:74,0
DA:76,0
DA:77,0
DA:78,0
DA:79,0
DA:80,0
DA:81,0
DA:83,0
DA:84,0
DA:87,0
DA:88,0
DA:89,0
DA:90,0
DA:92,0
DA:94,0
DA:95,0
DA:96,0
DA:98,0
DA:99,0
DA:100,0
DA:101,0
DA:102,0
DA:103,0
DA:104,0
DA:105,0
DA:106,0
DA:107,0
DA:108,0
DA:110,0
DA:111,0
DA:112,0
DA:114,0
DA:115,0
DA:116,0
DA:117,0
DA:118,0
DA:119,0
DA:121,0
DA:122,0
DA:123,0
DA:126,0
DA:127,0
DA:128,0
DA:129,0
DA:130,0
DA:132,0
DA:133,0
DA:135,0
DA:136,0
DA:137,0
DA:138,0
DA:139,0
DA:140,0
DA:141,0
DA:142,0
DA:143,0
DA:144,0
DA:145,0
DA:146,0
DA:148,0
DA:149,0
DA:150,0
DA:151,0
DA:153,0
DA:154,0
DA:155,0
DA:157,0
DA:158,0
DA:159,0
DA:160,0
DA:162,0
DA:163,0
DA:164,0
DA:165,0
DA:167,0
DA:168,0
DA:169,0
DA:170,0
DA:197,0
DA:198,0
DA:200,0
DA:202,0
DA:203,0
DA:204,0
DA:206,0
DA:207,0
DA:208,0
DA:209,0
DA:210,0
DA:211,0
DA:212,0
DA:214,0
DA:215,0
DA:216,0
DA:217,0
DA:218,0
DA:219,0
DA:220,0
DA:221,0
DA:222,0
DA:223,0
DA:224,0
DA:225,0
DA:226,0
DA:227,0
DA:228,0
DA:229,0
DA:230,0
DA:231,0
DA:232,0
DA:234,0
DA:236,0
DA:238,0
DA:239,0
DA:240,0
DA:242,0
DA:243,0
DA:244,0
DA:245,0
DA:246,0
DA:247,0
DA:248,0
DA:249,0
DA:250,0
DA:251,0
DA:252,0
DA:253,0
DA:254,0
DA:255,0
DA:256,0
DA:257,0
DA:259,0
DA:261,0
DA:262,0
DA:263,0
DA:264,0
DA:267,0
DA:268,0
DA:269,0
DA:270,0
DA:271,0
DA:272,0
DA:273,0
DA:274,0
DA:275,0
DA:276,0
DA:277,0
DA:278,0
DA:279,0
DA:280,0
DA:281,0
DA:283,0
DA:284,0
DA:285,0
DA:287,0
DA:288,0
DA:289,0
DA:290,0
DA:291,0
DA:292,0
DA:293,0
DA:294,0
DA:295,0
DA:296,0
DA:297,0
DA:298,0
DA:299,0
DA:301,0
DA:302,0
DA:303,0
DA:304,0
DA:306,0
DA:307,0
DA:308,0
DA:309,0
DA:312,0
DA:313,0
BRF:0
BRH:0
LF:234
LH:0
end_of_record
SF:/datas/PROGRAMMATION/RUST/rustty/src/ui/components/search_table.rs
FN:11,_RNCNvNtNtNtCs4WYVLabqnYz_6rustty2ui10components12search_table6header0B9_
FN:27,_RNCNvNtNtNtCs4WYVLabqnYz_6rustty2ui10components12search_table6headers0_0B9_
FN:13,_RNCNvNtNtNtCs4WYVLabqnYz_6rustty2ui10components12search_table6headers_0B9_
FN:74,_RNCNvNtNtNtCs4WYVLabqnYz_6rustty2ui10components12search_table7content0B9_
FN:7,_RNvNtNtNtCs4WYVLabqnYz_6rustty2ui10components12search_table6header
FN:41,_RNvNtNtNtCs4WYVLabqnYz_6rustty2ui10components12search_table7content
FN:96,_RNvNtNtNtCs4WYVLabqnYz_6rustty2ui10components12search_table9bold_text
FNDA:0,_RNCNvNtNtNtCs4WYVLabqnYz_6rustty2ui10components12search_table6header0B9_
FNDA:0,_RNCNvNtNtNtCs4WYVLabqnYz_6rustty2ui10components12search_table6headers0_0B9_
FNDA:0,_RNCNvNtNtNtCs4WYVLabqnYz_6rustty2ui10components12search_table6headers_0B9_
FNDA:0,_RNCNvNtNtNtCs4WYVLabqnYz_6rustty2ui10components12search_table7content0B9_
FNDA:0,_RNvNtNtNtCs4WYVLabqnYz_6rustty2ui10components12search_table6header
FNDA:0,_RNvNtNtNtCs4WYVLabqnYz_6rustty2ui10components12search_table7content
FNDA:0,_RNvNtNtNtCs4WYVLabqnYz_6rustty2ui10components12search_table9bold_text
FNF:7
FNH:0
DA:7,0
DA:8,0
DA:10,0
DA:11,0
DA:12,0
DA:13,0
DA:14,0
DA:15,0
DA:17,0
DA:18,0
DA:19,0
DA:20,0
DA:21,0
DA:22,0
DA:24,0
DA:26,0
DA:27,0
DA:28,0
DA:29,0
DA:30,0
DA:31,0
DA:32,0
DA:33,0
DA:35,0
DA:36,0
DA:37,0
DA:41,0
DA:42,0
DA:43,0
DA:45,0
DA:46,0
DA:47,0
DA:48,0
DA:49,0
DA:50,0
DA:51,0
DA:52,0
DA:53,0
DA:54,0
DA:56,0
DA:58,0
DA:59,0
DA:60,0
DA:61,0
DA:62,0
DA:63,0
DA:64,0
DA:65,0
DA:66,0
DA:68,0
DA:70,0
DA:72,0
DA:73,0
DA:74,0
DA:75,0
DA:76,0
DA:77,0
DA:78,0
DA:79,0
DA:80,0
DA:81,0
DA:82,0
DA:83,0
DA:84,0
DA:85,0
DA:86,0
DA:87,0
DA:89,0
DA:91,0
DA:92,0
DA:96,0
DA:97,0
DA:98,0
DA:99,0
DA:100,0
DA:101,0
BRF:0
BRH:0
LF:80
LH:0
end_of_record
SF:/datas/PROGRAMMATION/RUST/rustty/src/ui/components/sidebar.rs
FN:53,_RNCNvNtNtNtCs4WYVLabqnYz_6rustty2ui10components7sidebar10nav_button0B9_
FN:36,_RNCNvNtNtNtCs4WYVLabqnYz_6rustty2ui10components7sidebar6render0B9_
FN:42,_RNvNtNtNtCs4WYVLabqnYz_6rustty2ui10components7sidebar10nav_button
FN:7,_RNvNtNtNtCs4WYVLabqnYz_6rustty2ui10components7sidebar6render
FNDA:0,_RNCNvNtNtNtCs4WYVLabqnYz_6rustty2ui10components7sidebar10nav_button0B9_
FNDA:0,_RNCNvNtNtNtCs4WYVLabqnYz_6rustty2ui10components7sidebar6render0B9_
FNDA:0,_RNvNtNtNtCs4WYVLabqnYz_6rustty2ui10components7sidebar10nav_button
FNDA:0,_RNvNtNtNtCs4WYVLabqnYz_6rustty2ui10components7sidebar6render
FNF:4
FNH:0
DA:7,0
DA:8,0
DA:9,0
DA:10,0
DA:11,0
DA:12,0
DA:13,0
DA:14,0
DA:16,0
DA:18,0
DA:22,0
DA:25,0
DA:26,0
DA:30,0
DA:31,0
DA:33,0
DA:34,0
DA:35,0
DA:36,0
DA:37,0
DA:38,0
DA:39,0
DA:40,0
DA:42,0
DA:43,0
DA:44,0
DA:45,0
DA:46,0
DA:47,0
DA:48,0
DA:50,0
DA:51,0
DA:52,0
DA:53,0
DA:54,0
DA:55,0
DA:56,0
DA:57,0
DA:58,0
DA:59,0
DA:60,0
DA:61,0
DA:62,0
DA:63,0
DA:64,0
DA:65,0
DA:66,0
DA:67,0
DA:68,0
DA:69,0
BRF:0
BRH:0
LF:51
LH:0
end_of_record
SF:/datas/PROGRAMMATION/RUST/rustty/src/ui/dashboard.rs
FN:94,_RNCNvNtNtCs4WYVLabqnYz_6rustty2ui9dashboard6render0B7_
FN:111,_RNCNvNtNtCs4WYVLabqnYz_6rustty2ui9dashboard8log_view0B7_
FN:134,_RNCNvNtNtCs4WYVLabqnYz_6rustty2ui9dashboard8log_views_0B7_
FN:17,_RNvNtNtCs4WYVLabqnYz_6rustty2ui9dashboard6render
FN:104,_RNvNtNtCs4WYVLabqnYz_6rustty2ui9dashboard8log_view
FNDA:0,_RNCNvNtNtCs4WYVLabqnYz_6rustty2ui9dashboard6render0B7_
FNDA:0,_RNCNvNtNtCs4WYVLabqnYz_6rustty2ui9dashboard8log_view0B7_
FNDA:0,_RNCNvNtNtCs4WYVLabqnYz_6rustty2ui9dashboard8log_views_0B7_
FNDA:0,_RNvNtNtCs4WYVLabqnYz_6rustty2ui9dashboard6render
FNDA:0,_RNvNtNtCs4WYVLabqnYz_6rustty2ui9dashboard8log_view
FNF:5
FNH:0
DA:17,0
DA:18,0
DA:20,0
DA:22,0
DA:25,0
DA:26,0
DA:27,0
DA:28,0
DA:29,0
DA:30,0
DA:31,0
DA:32,0
DA:33,0
DA:34,0
DA:36,0
DA:37,0
DA:38,0
DA:39,0
DA:40,0
DA:41,0
DA:42,0
DA:43,0
DA:44,0
DA:45,0
DA:47,0
DA:50,0
DA:51,0
DA:52,0
DA:53,0
DA:54,0
DA:55,0
DA:57,0
DA:58,0
DA:66,0
DA:67,0
DA:69,0
DA:70,0
DA:71,0
DA:75,0
DA:77,0
DA:78,0
DA:79,0
DA:80,0
DA:81,0
DA:82,0
DA:83,0
DA:84,0
DA:85,0
DA:86,0
DA:87,0
DA:89,0
DA:91,0
DA:92,0
DA:93,0
DA:94,0
DA:96,0
DA:97,0
DA:98,0
DA:100,0
DA:101,0
DA:102,0
DA:104,0
DA:105,0
DA:106,0
DA:107,0
DA:108,0
DA:109,0
DA:110,0
DA:111,0
DA:112,0
DA:113,0
DA:114,0
DA:115,0
DA:117,0
DA:119,0
DA:120,0
DA:121,0
DA:122,0
DA:123,0
DA:124,0
DA:125,0
DA:127,0
DA:129,0
DA:130,0
DA:131,0
DA:132,0
DA:133,0
DA:134,0
DA:135,0
DA:136,0
DA:137,0
DA:138,0
DA:139,0
DA:140,0
DA:142,0
DA:143,0
DA:144,0
DA:145,0
BRF:0
BRH:0
LF:100
LH:0
end_of_record
SF:/datas/PROGRAMMATION/RUST/rustty/src/ui/terminal.rs
FN:218,_RNCNvNtNtCs4WYVLabqnYz_6rustty2ui8terminal13render_cursor0B7_
FN:23,_RNCNvNtNtCs4WYVLabqnYz_6rustty2ui8terminal6render0B7_
FN:83,_RNCNvNtNtCs4WYVLabqnYz_6rustty2ui8terminal6renders0_0B7_
FN:139,_RNCNvNtNtCs4WYVLabqnYz_6rustty2ui8terminal6renders1_0B7_
FN:179,_RNCNvNtNtCs4WYVLabqnYz_6rustty2ui8terminal6renders2_0B7_
FN:48,_RNCNvNtNtCs4WYVLabqnYz_6rustty2ui8terminal6renders3_0B7_
FN:63,_RNCNvNtNtCs4WYVLabqnYz_6rustty2ui8terminal6renders4_0B7_
FN:161,_RNCNvNtNtCs4WYVLabqnYz_6rustty2ui8terminal6renders5_0B7_
FN:76,_RNCNvNtNtCs4WYVLabqnYz_6rustty2ui8terminal6renders_0B7_
FN:201,_RNvNtNtCs4WYVLabqnYz_6rustty2ui8terminal13render_cursor
FN:224,_RNvNtNtCs4WYVLabqnYz_6rustty2ui8terminal16vt_to_iced_color
FN:188,_RNvNtNtCs4WYVLabqnYz_6rustty2ui8terminal17render_text_chunk
FN:15,_RNvNtNtCs4WYVLabqnYz_6rustty2ui8terminal6render
FNDA:0,_RNCNvNtNtCs4WYVLabqnYz_6rustty2ui8terminal13render_cursor0B7_
FNDA:0,_RNCNvNtNtCs4WYVLabqnYz_6rustty2ui8terminal6render0B7_
FNDA:0,_RNCNvNtNtCs4WYVLabqnYz_6rustty2ui8terminal6renders0_0B7_
FNDA:0,_RNCNvNtNtCs4WYVLabqnYz_6rustty2ui8terminal6renders1_0B7_
FNDA:0,_RNCNvNtNtCs4WYVLabqnYz_6rustty2ui8terminal6renders2_0B7_
FNDA:0,_RNCNvNtNtCs4WYVLabqnYz_6rustty2ui8terminal6renders3_0B7_
FNDA:0,_RNCNvNtNtCs4WYVLabqnYz_6rustty2ui8terminal6renders4_0B7_
FNDA:0,_RNCNvNtNtCs4WYVLabqnYz_6rustty2ui8terminal6renders5_0B7_
FNDA:0,_RNCNvNtNtCs4WYVLabqnYz_6rustty2ui8terminal6renders_0B7_
FNDA:0,_RNvNtNtCs4WYVLabqnYz_6rustty2ui8terminal13render_cursor
FNDA:0,_RNvNtNtCs4WYVLabqnYz_6rustty2ui8terminal16vt_to_iced_color
FNDA:0,_RNvNtNtCs4WYVLabqnYz_6rustty2ui8terminal17render_text_chunk
FNDA:0,_RNvNtNtCs4WYVLabqnYz_6rustty2ui8terminal6render
FNF:13
FNH:0
DA:15,0
DA:16,0
DA:18,0
DA:19,0
DA:20,0
DA:21,0
DA:22,0
DA:23,0
DA:24,0
DA:25,0
DA:26,0
DA:29,0
DA:30,0
DA:31,0
DA:33,0
DA:34,0
DA:35,0
DA:38,0
DA:39,0
DA:40,0
DA:41,0
DA:42,0
DA:43,0
DA:44,0
DA:46,0
DA:47,0
DA:48,0
DA:49,0
DA:50,0
DA:51,0
DA:52,0
DA:53,0
DA:54,0
DA:55,0
DA:56,0
DA:57,0
DA:58,0
DA:59,0
DA:60,0
DA:61,0
DA:62,0
DA:63,0
DA:65,0
DA:66,0
DA:67,0
DA:68,0
DA:69,0
DA:71,0
DA:72,0
DA:74,0
DA:75,0
DA:76,0
DA:77,0
DA:78,0
DA:81,0
DA:82,0
DA:83,0
DA:84,0
DA:85,0
DA:86,0
DA:88,0
DA:89,0
DA:91,0
DA:92,0
DA:93,0
DA:94,0
DA:95,0
DA:97,0
DA:100,0
DA:101,0
DA:102,0
DA:103,0
DA:104,0
DA:105,0
DA:106,0
DA:107,0
DA:108,0
DA:110,0
DA:111,0
DA:112,0
DA:113,0
DA:114,0
DA:115,0
DA:116,0
DA:117,0
DA:118,0
DA:119,0
DA:120,0
DA:121,0
DA:124,0
DA:125,0
DA:126,0
DA:128,0
DA:129,0
DA:130,0
DA:132,0
DA:134,0
DA:135,0
DA:136,0
DA:137,0
DA:138,0
DA:139,0
DA:140,0
DA:141,0
DA:143,0
DA:144,0
DA:146,0
DA:147,0
DA:148,0
DA:149,0
DA:152,0
DA:153,0
DA:154,0
DA:155,0
DA:156,0
DA:157,0
DA:159,0
DA:160,0
DA:161,0
DA:162,0
DA:163,0
DA:164,0
DA:165,0
DA:166,0
DA:167,0
DA:168,0
DA:169,0
DA:170,0
DA:171,0
DA:173,0
DA:174,0
DA:175,0
DA:177,0
DA:178,0
DA:179,0
DA:180,0
DA:181,0
DA:183,0
DA:184,0
DA:188,0
DA:189,0
DA:190,0
DA:191,0
DA:192,0
DA:193,0
DA:194,0
DA:195,0
DA:196,0
DA:197,0
DA:198,0
DA:199,0
DA:201,0
DA:202,0
DA:203,0
DA:204,0
DA:205,0
DA:206,0
DA:207,0
DA:209,0
DA:210,0
DA:211,0
DA:212,0
DA:213,0
DA:214,0
DA:216,0
DA:217,0
DA:218,0
DA:219,0
DA:220,0
DA:221,0
DA:222,0
DA:224,0
DA:225,0
DA:226,0
DA:227,0
DA:228,0
DA:229,0
DA:230,0
DA:232,0
DA:233,0
DA:234,0
DA:235,0
DA:236,0
DA:237,0
DA:238,0
DA:239,0
DA:240,0
DA:241,0
DA:244,0
DA:246,0
BRF:0
BRH:0
LF:191
LH:0
end_of_record
SF:/datas/PROGRAMMATION/RUST/rustty/src/ui/theme.rs
FN:46,_RNvMNtNtCs4WYVLabqnYz_6rustty2ui5themeNtB2_11ThemeChoice10get_colors
FN:243,_RNvNtNtCs4WYVLabqnYz_6rustty2ui5theme11input_style
FN:212,_RNvNtNtCs4WYVLabqnYz_6rustty2ui5theme12button_style
FN:263,_RNvNtNtCs4WYVLabqnYz_6rustty2ui5theme20main_container_style
FN:191,_RNvXs0_NtNtCs4WYVLabqnYz_6rustty2ui5themeNtB5_14TerminalColorsNtNtCs3XFJfFEDSOQ_4core7default7Default7default
FN:158,_RNvXs_NtNtCs4WYVLabqnYz_6rustty2ui5themeNtB4_11ThemeChoiceNtNtCs3XFJfFEDSOQ_4core3fmt7Display3fmt
FNDA:0,_RNvMNtNtCs4WYVLabqnYz_6rustty2ui5themeNtB2_11ThemeChoice10get_colors
FNDA:0,_RNvNtNtCs4WYVLabqnYz_6rustty2ui5theme11input_style
FNDA:0,_RNvNtNtCs4WYVLabqnYz_6rustty2ui5theme12button_style
FNDA:0,_RNvNtNtCs4WYVLabqnYz_6rustty2ui5theme20main_container_style
FNDA:0,_RNvXs0_NtNtCs4WYVLabqnYz_6rustty2ui5themeNtB5_14TerminalColorsNtNtCs3XFJfFEDSOQ_4core7default7Default7default
FNDA:0,_RNvXs_NtNtCs4WYVLabqnYz_6rustty2ui5themeNtB4_11ThemeChoiceNtNtCs3XFJfFEDSOQ_4core3fmt7Display3fmt
FNF:6
FNH:0
DA:46,0
DA:47,0
DA:48,0
DA:49,0
DA:50,0
DA:51,0
DA:52,0
DA:53,0
DA:54,0
DA:55,0
DA:56,0
DA:57,0
DA:58,0
DA:59,0
DA:60,0
DA:61,0
DA:62,0
DA:63,0
DA:64,0
DA:65,0
DA:66,0
DA:67,0
DA:68,0
DA:69,0
DA:70,0
DA:71,0
DA:72,0
DA:73,0
DA:74,0
DA:75,0
DA:76,0
DA:77,0
DA:78,0
DA:79,0
DA:80,0
DA:81,0
DA:82,0
DA:83,0
DA:84,0
DA:85,0
DA:86,0
DA:87,0
DA:88,0
DA:89,0
DA:90,0
DA:91,0
DA:92,0
DA:93,0
DA:94,0
DA:95,0
DA:96,0
DA:97,0
DA:98,0
DA:99,0
DA:100,0
DA:101,0
DA:102,0
DA:103,0
DA:104,0
DA:105,0
DA:106,0
DA:107,0
DA:108,0
DA:109,0
DA:110,0
DA:111,0
DA:112,0
DA:113,0
DA:114,0
DA:115,0
DA:116,0
DA:117,0
DA:118,0
DA:119,0
DA:120,0
DA:121,0
DA:122,0
DA:123,0
DA:124,0
DA:125,0
DA:126,0
DA:127,0
DA:128,0
DA:129,0
DA:130,0
DA:131,0
DA:132,0
DA:133,0
DA:134,0
DA:135,0
DA:136,0
DA:137,0
DA:138,0
DA:139,0
DA:140,0
DA:141,0
DA:142,0
DA:143,0
DA:144,0
DA:145,0
DA:146,0
DA:147,0
DA:148,0
DA:149,0
DA:150,0
DA:151,0
DA:152,0
DA:154,0
DA:158,0
DA:159,0
DA:160,0
DA:161,0
DA:162,0
DA:163,0
DA:164,0
DA:165,0
DA:166,0
DA:167,0
DA:168,0
DA:169,0
DA:170,0
DA:171,0
DA:172,0
DA:173,0
DA:174,0
DA:176,0
DA:191,0
DA:192,0
DA:193,0
DA:194,0
DA:195,0
DA:196,0
DA:197,0
DA:198,0
DA:199,0
DA:212,0
DA:213,0
DA:214,0
DA:215,0
DA:216,0
DA:218,0
DA:219,0
DA:220,0
DA:221,0
DA:225,0
DA:226,0
DA:227,0
DA:228,0
DA:232,0
DA:233,0
DA:235,0
DA:236,0
DA:237,0
DA:239,0
DA:241,0
DA:243,0
DA:244,0
DA:245,0
DA:246,0
DA:249,0
DA:250,0
DA:251,0
DA:252,0
DA:253,0
DA:254,0
DA:255,0
DA:256,0
DA:257,0
DA:258,0
DA:259,0
DA:260,0
DA:261,0
DA:263,0
DA:264,0
DA:265,0
DA:266,0
DA:267,0
DA:268,0
DA:269,0
BRF:0
BRH:0
LF:179
LH:0
end_of_record